mktexpk --mfmode ljfour --bdpi 8000 --mag 1+0/8000 --dpi 8000 tcrm1200
mktexpk --mfmode ljfour --bdpi 8000 --mag 1+0/8000 --dpi 8000 tctt1200
mktexpk --mfmode ljfour --bdpi 8000 --mag 1+0/8000 --dpi 8000 tctt0800
mktexpk --mfmode ljfour --bdpi 8000 --mag 1+0/8000 --dpi 8000 tctt1440
mktexpk --mfmode ljfour --bdpi 8000 --mag 1+0/8000 --dpi 8000 tcrm1200
mktexpk --mfmode ljfour --bdpi 8000 --mag 1+0/8000 --dpi 8000 tctt1200
mktexpk --mfmode ljfour --bdpi 8000 --mag 1+0/8000 --dpi 8000 tctt0800
mktexpk --mfmode ljfour --bdpi 8000 --mag 1+0/8000 --dpi 8000 tctt1440
mktexpk --mfmode ljfour --bdpi 8000 --mag 1+0/8000 --dpi 8000 tcit1200
mktexpk --mfmode ljfour --bdpi 8000 --mag 1+0/8000 --dpi 8000 tcrm1200
mktexpk --mfmode ljfour --bdpi 8000 --mag 1+0/8000 --dpi 8000 tctt1200
mktexpk --mfmode ljfour --bdpi 8000 --mag 1+0/8000 --dpi 8000 tctt0800
mktexpk --mfmode ljfour --bdpi 8000 --mag 1+0/8000 --dpi 8000 tctt1440
mktexpk --mfmode ljfour --bdpi 8000 --mag 1+0/8000 --dpi 8000 tcit1200
mktexpk --mfmode ljfour --bdpi 8000 --mag 1+0/8000 --dpi 8000 tcrm1200
mktexpk --mfmode ljfour --bdpi 8000 --mag 1+0/8000 --dpi 8000 tctt1200
mktexpk --mfmode ljfour --bdpi 8000 --mag 1+0/8000 --dpi 8000 tctt0800
mktexpk --mfmode ljfour --bdpi 8000 --mag 1+0/8000 --dpi 8000 tctt1440
mktexpk --mfmode ljfour --bdpi 8000 --mag 1+0/8000 --dpi 8000 tcit1200
mktexpk --mfmode ljfour --bdpi 8000 --mag 1+0/8000 --dpi 8000 tcrm1200
mktexpk --mfmode ljfour --bdpi 8000 --mag 1+0/8000 --dpi 8000 tctt1200
mktexpk --mfmode ljfour --bdpi 8000 --mag 1+0/8000 --dpi 8000 tctt0800
mktexpk --mfmode ljfour --bdpi 8000 --mag 1+0/8000 --dpi 8000 tctt1440
mktexpk --mfmode ljfour --bdpi 8000 --mag 1+0/8000 --dpi 8000 tcit1200
mktexpk --mfmode ljfour --bdpi 8000 --mag 1+0/8000 --dpi 8000 tcrm1200
mktexpk --mfmode ljfour --bdpi 8000 --mag 1+0/8000 --dpi 8000 tctt1200
mktexpk --mfmode ljfour --bdpi 8000 --mag 1+0/8000 --dpi 8000 tctt0800
mktexpk --mfmode ljfour --bdpi 8000 --mag 1+0/8000 --dpi 8000 tctt1440
mktexpk --mfmode ljfour --bdpi 8000 --mag 1+0/8000 --dpi 8000 tcit1200
mktexpk --mfmode ljfour --bdpi 8000 --mag 1+0/8000 --dpi 8000 tcrm1200
mktexpk --mfmode ljfour --bdpi 8000 --mag 1+0/8000 --dpi 8000 tctt1200
mktexpk --mfmode ljfour --bdpi 8000 --mag 1+0/8000 --dpi 8000 tctt0800
mktexpk --mfmode ljfour --bdpi 8000 --mag 1+0/8000 --dpi 8000 tctt1440
mktexpk --mfmode ljfour --bdpi 8000 --mag 1+0/8000 --dpi 8000 tcit1200
mktexpk --mfmode ljfour --bdpi 8000 --mag 1+0/8000 --dpi 8000 tcrm1200
mktexpk --mfmode ljfour --bdpi 8000 --mag 1+0/8000 --dpi 8000 tctt1200
mktexpk --mfmode ljfour --bdpi 8000 --mag 1+0/8000 --dpi 8000 tctt0800
mktexpk --mfmode ljfour --bdpi 8000 --mag 1+0/8000 --dpi 8000 tctt1440
mktexpk --mfmode ljfour --bdpi 8000 --mag 1+0/8000 --dpi 8000 tcit1200
mktexpk --mfmode ljfour --bdpi 8000 --mag 1+0/8000 --dpi 8000 tcrm1200
mktexpk --mfmode ljfour --bdpi 8000 --mag 1+0/8000 --dpi 8000 tctt1200
mktexpk --mfmode ljfour --bdpi 8000 --mag 1+0/8000 --dpi 8000 tctt0800
mktexpk --mfmode ljfour --bdpi 8000 --mag 1+0/8000 --dpi 8000 tctt1440
mktexpk --mfmode ljfour --bdpi 8000 --mag 1+0/8000 --dpi 8000 tcit1200
mktexpk --mfmode ljfour --bdpi 8000 --mag 1+0/8000 --dpi 8000 tcrm1200
mktexpk --mfmode ljfour --bdpi 8000 --mag 1+0/8000 --dpi 8000 tctt1200
mktexpk --mfmode ljfour --bdpi 8000 --mag 1+0/8000 --dpi 8000 tctt0800
mktexpk --mfmode ljfour --bdpi 8000 --mag 1+0/8000 --dpi 8000 tctt1440
mktexpk --mfmode ljfour --bdpi 8000 --mag 1+0/8000 --dpi 8000 tcit1200
mktexpk --mfmode ljfour --bdpi 8000 --mag 1+0/8000 --dpi 8000 cmtt12
mktexpk --mfmode ljfour --bdpi 8000 --mag 1+0/8000 --dpi 8000 cmr12
mktexpk --mfmode ljfour --bdpi 8000 --mag 1+0/8000 --dpi 8000 cmr8
mktexpk --mfmode ljfour --bdpi 8000 --mag 1+0/8000 --dpi 8000 tcrm1200
mktexpk --mfmode ljfour --bdpi 8000 --mag 1+0/8000 --dpi 8000 cmti12
mktexpk --mfmode ljfour --bdpi 8000 --mag 1+0/8000 --dpi 8000 cmbx12
mktexpk --mfmode ljfour --bdpi 8000 --mag 1+0/8000 --dpi 8000 cmmi12
mktexpk --mfmode ljfour --bdpi 8000 --mag 1+0/8000 --dpi 8000 cmmi8
mktexpk --mfmode ljfour --bdpi 8000 --mag 1+0/8000 --dpi 8000 tctt1200
mktexpk --mfmode ljfour --bdpi 8000 --mag 6+1520/8000 --dpi 49520 cmssbx10
mktexpk --mfmode ljfour --bdpi 8000 --mag 1+0/8000 --dpi 8000 cmtt8
mktexpk --mfmode ljfour --bdpi 8000 --mag 1+1143/8000 --dpi 9143 msam7
mktexpk --mfmode ljfour --bdpi 8000 --mag 1+3520/8000 --dpi 11520 cmbx12
mktexpk --mfmode ljfour --bdpi 8000 --mag 1+1600/8000 --dpi 9600 cmbx12
mktexpk --mfmode ljfour --bdpi 8000 --mag 1+0/8000 --dpi 8000 lcirclew10
mktexpk --mfmode ljfour --bdpi 8000 --mag 0+6400/8000 --dpi 6400 cmitt10
mktexpk --mfmode ljfour --bdpi 8000 --mag 1+0/8000 --dpi 8000 lcircle10
mktexpk --mfmode ljfour --bdpi 8000 --mag 1+0/8000 --dpi 8000 cmsy8
mktexpk --mfmode ljfour --bdpi 8000 --mag 1+0/8000 --dpi 8000 tctt0800
mktexpk --mfmode ljfour --bdpi 8000 --mag 1+1143/8000 --dpi 9143 msbm7
mktexpk --mfmode ljfour --bdpi 8000 --mag 1+1600/8000 --dpi 9600 cmitt10
mktexpk --mfmode ljfour --bdpi 8000 --mag 1+1600/8000 --dpi 9600 cmsy10
mktexpk --mfmode ljfour --bdpi 8000 --mag 1+1600/8000 --dpi 9600 cmtt12
mktexpk --mfmode ljfour --bdpi 8000 --mag 1+0/8000 --dpi 8000 cmbx8
mktexpk --mfmode ljfour --bdpi 8000 --mag 1+0/8000 --dpi 8000 tctt1440
mktexpk --mfmode ljfour --bdpi 8000 --mag 1+3520/8000 --dpi 11520 cmtt12
mktexpk --mfmode ljfour --bdpi 8000 --mag 1+0/8000 --dpi 8000 tcit1200
mktexpk --mfmode ljfour --bdpi 8000 --mag 2+7888/8000 --dpi 23888 cmtt12
mktexpk --mfmode ljfour --bdpi 8000 --mag 2+3200/8000 --dpi 19200 cmssbx10
mktexpk --mfmode ljfour --bdpi 8000 --mag 1+0/8000 --dpi 8000 cmtt12
mktexpk --mfmode ljfour --bdpi 8000 --mag 1+0/8000 --dpi 8000 cmr12
mktexpk --mfmode ljfour --bdpi 8000 --mag 1+0/8000 --dpi 8000 cmr8
mktexpk --mfmode ljfour --bdpi 8000 --mag 1+0/8000 --dpi 8000 tcrm1200
mktexpk --mfmode ljfour --bdpi 8000 --mag 1+0/8000 --dpi 8000 cmti12
mktexpk --mfmode ljfour --bdpi 8000 --mag 1+0/8000 --dpi 8000 cmbx12
mktexpk --mfmode ljfour --bdpi 8000 --mag 1+0/8000 --dpi 8000 cmmi12
mktexpk --mfmode ljfour --bdpi 8000 --mag 1+0/8000 --dpi 8000 cmmi8
mktexpk --mfmode ljfour --bdpi 8000 --mag 1+0/8000 --dpi 8000 tctt1200
mktexpk --mfmode ljfour --bdpi 8000 --mag 6+1520/8000 --dpi 49520 cmssbx10
mktexpk --mfmode ljfour --bdpi 8000 --mag 1+0/8000 --dpi 8000 cmtt8
mktexpk --mfmode ljfour --bdpi 8000 --mag 1+1143/8000 --dpi 9143 msam7
mktexpk --mfmode ljfour --bdpi 8000 --mag 1+3520/8000 --dpi 11520 cmbx12
mktexpk --mfmode ljfour --bdpi 8000 --mag 1+1600/8000 --dpi 9600 cmbx12
mktexpk --mfmode ljfour --bdpi 8000 --mag 1+0/8000 --dpi 8000 lcirclew10
mktexpk --mfmode ljfour --bdpi 8000 --mag 0+6400/8000 --dpi 6400 cmitt10
mktexpk --mfmode ljfour --bdpi 8000 --mag 1+0/8000 --dpi 8000 lcircle10
mktexpk --mfmode ljfour --bdpi 8000 --mag 1+0/8000 --dpi 8000 cmsy8
mktexpk --mfmode ljfour --bdpi 8000 --mag 1+0/8000 --dpi 8000 tctt0800
mktexpk --mfmode ljfour --bdpi 8000 --mag 1+1143/8000 --dpi 9143 msbm7
mktexpk --mfmode ljfour --bdpi 8000 --mag 1+1600/8000 --dpi 9600 cmitt10
mktexpk --mfmode ljfour --bdpi 8000 --mag 1+1600/8000 --dpi 9600 cmsy10
mktexpk --mfmode ljfour --bdpi 8000 --mag 1+1600/8000 --dpi 9600 cmtt12
mktexpk --mfmode ljfour --bdpi 8000 --mag 1+0/8000 --dpi 8000 cmbx8
mktexpk --mfmode ljfour --bdpi 8000 --mag 1+0/8000 --dpi 8000 tctt1440
mktexpk --mfmode ljfour --bdpi 8000 --mag 1+3520/8000 --dpi 11520 cmtt12
mktexpk --mfmode ljfour --bdpi 8000 --mag 1+0/8000 --dpi 8000 tcit1200
mktexpk --mfmode ljfour --bdpi 8000 --mag 2+7888/8000 --dpi 23888 cmtt12
mktexpk --mfmode ljfour --bdpi 8000 --mag 2+3200/8000 --dpi 19200 cmssbx10
mktexpk --mfmode ljfour --bdpi 8000 --mag 1+0/8000 --dpi 8000 tcrm1200
mktexpk --mfmode ljfour --bdpi 8000 --mag 1+0/8000 --dpi 8000 tctt1200
mktexpk --mfmode ljfour --bdpi 8000 --mag 1+1143/8000 --dpi 9143 msam7
mktexpk --mfmode ljfour --bdpi 8000 --mag 1+0/8000 --dpi 8000 tctt0800
mktexpk --mfmode ljfour --bdpi 8000 --mag 1+1143/8000 --dpi 9143 msbm7
mktexpk --mfmode ljfour --bdpi 8000 --mag 1+0/8000 --dpi 8000 tctt1440
mktexpk --mfmode ljfour --bdpi 8000 --mag 1+0/8000 --dpi 8000 tcit1200
mktexpk --mfmode ljfour --bdpi 8000 --mag 1+0/8000 --dpi 8000 tcrm1200
mktexpk --mfmode ljfour --bdpi 8000 --mag 1+0/8000 --dpi 8000 tctt1200
mktexpk --mfmode ljfour --bdpi 8000 --mag 1+1143/8000 --dpi 9143 msam7
mktexpk --mfmode ljfour --bdpi 8000 --mag 1+0/8000 --dpi 8000 tctt0800
mktexpk --mfmode ljfour --bdpi 8000 --mag 1+1143/8000 --dpi 9143 msbm7
mktexpk --mfmode ljfour --bdpi 8000 --mag 1+0/8000 --dpi 8000 tctt1440
mktexpk --mfmode ljfour --bdpi 8000 --mag 1+0/8000 --dpi 8000 tcit1200
mktexpk --mfmode ljfour --bdpi 8000 --mag 1+0/8000 --dpi 8000 tcrm1200
mktexpk --mfmode ljfour --bdpi 8000 --mag 1+0/8000 --dpi 8000 tctt1200
mktexpk --mfmode ljfour --bdpi 8000 --mag 1+1143/8000 --dpi 9143 msam7
mktexpk --mfmode ljfour --bdpi 8000 --mag 1+0/8000 --dpi 8000 tctt0800
mktexpk --mfmode ljfour --bdpi 8000 --mag 1+1143/8000 --dpi 9143 msbm7
mktexpk --mfmode ljfour --bdpi 8000 --mag 1+0/8000 --dpi 8000 tctt1440
mktexpk --mfmode ljfour --bdpi 8000 --mag 1+0/8000 --dpi 8000 tcit1200
mktexpk --mfmode ljfour --bdpi 8000 --mag 1+0/8000 --dpi 8000 tcrm1200
mktexpk --mfmode ljfour --bdpi 8000 --mag 1+0/8000 --dpi 8000 tctt1200
mktexpk --mfmode ljfour --bdpi 8000 --mag 1+1143/8000 --dpi 9143 msam7
mktexpk --mfmode ljfour --bdpi 8000 --mag 1+0/8000 --dpi 8000 tctt0800
mktexpk --mfmode ljfour --bdpi 8000 --mag 1+1143/8000 --dpi 9143 msbm7
mktexpk --mfmode ljfour --bdpi 8000 --mag 1+0/8000 --dpi 8000 tctt1440
mktexpk --mfmode ljfour --bdpi 8000 --mag 1+0/8000 --dpi 8000 tcit1200
mktexpk --mfmode ljfour --bdpi 8000 --mag 1+0/8000 --dpi 8000 tcrm1200
mktexpk --mfmode ljfour --bdpi 8000 --mag 1+0/8000 --dpi 8000 tctt1200
mktexpk --mfmode ljfour --bdpi 8000 --mag 1+1143/8000 --dpi 9143 msam7
mktexpk --mfmode ljfour --bdpi 8000 --mag 1+0/8000 --dpi 8000 tctt0800
mktexpk --mfmode ljfour --bdpi 8000 --mag 1+1143/8000 --dpi 9143 msbm7
mktexpk --mfmode ljfour --bdpi 8000 --mag 1+0/8000 --dpi 8000 tctt1440
mktexpk --mfmode ljfour --bdpi 8000 --mag 1+0/8000 --dpi 8000 tcit1200
mktexpk --mfmode ljfour --bdpi 8000 --mag 1+0/8000 --dpi 8000 tcrm1200
mktexpk --mfmode ljfour --bdpi 8000 --mag 1+0/8000 --dpi 8000 tctt1200
mktexpk --mfmode ljfour --bdpi 8000 --mag 1+0/8000 --dpi 8000 tctt0800
mktexpk --mfmode ljfour --bdpi 8000 --mag 1+0/8000 --dpi 8000 tctt1440
mktexpk --mfmode ljfour --bdpi 8000 --mag 1+0/8000 --dpi 8000 tcit1200
mktexpk --mfmode ljfour --bdpi 8000 --mag 1+0/8000 --dpi 8000 tcrm1200
mktexpk --mfmode ljfour --bdpi 8000 --mag 1+0/8000 --dpi 8000 tctt1200
mktexpk --mfmode ljfour --bdpi 8000 --mag 1+0/8000 --dpi 8000 tctt0800
mktexpk --mfmode ljfour --bdpi 8000 --mag 1+0/8000 --dpi 8000 tctt1440
mktexpk --mfmode ljfour --bdpi 8000 --mag 1+0/8000 --dpi 8000 tcit1200
mktexpk --mfmode ljfour --bdpi 8000 --mag 1+0/8000 --dpi 8000 tcrm1200
mktexpk --mfmode ljfour --bdpi 8000 --mag 1+0/8000 --dpi 8000 tctt1200
mktexpk --mfmode ljfour --bdpi 8000 --mag 1+0/8000 --dpi 8000 tctt0800
mktexpk --mfmode ljfour --bdpi 8000 --mag 1+0/8000 --dpi 8000 tctt1440
mktexpk --mfmode ljfour --bdpi 8000 --mag 1+0/8000 --dpi 8000 tcit1200
mktexpk --mfmode ljfour --bdpi 8000 --mag 1+0/8000 --dpi 8000 tcrm1200
mktexpk --mfmode ljfour --bdpi 8000 --mag 1+0/8000 --dpi 8000 tctt1200
mktexpk --mfmode ljfour --bdpi 8000 --mag 1+0/8000 --dpi 8000 tctt0800
mktexpk --mfmode ljfour --bdpi 8000 --mag 1+0/8000 --dpi 8000 tctt1440
mktexpk --mfmode ljfour --bdpi 8000 --mag 1+0/8000 --dpi 8000 tcit1200
mktexpk --mfmode ljfour --bdpi 8000 --mag 1+0/8000 --dpi 8000 tcrm1200
mktexpk --mfmode ljfour --bdpi 8000 --mag 1+0/8000 --dpi 8000 tctt1200
mktexpk --mfmode ljfour --bdpi 8000 --mag 1+0/8000 --dpi 8000 tctt0800
mktexpk --mfmode ljfour --bdpi 8000 --mag 1+0/8000 --dpi 8000 tctt1440
mktexpk --mfmode ljfour --bdpi 8000 --mag 1+0/8000 --dpi 8000 tcit1200
mktexpk --mfmode ljfour --bdpi 8000 --mag 1+0/8000 --dpi 8000 tcrm1200
mktexpk --mfmode ljfour --bdpi 8000 --mag 1+0/8000 --dpi 8000 tctt1200
mktexpk --mfmode ljfour --bdpi 8000 --mag 1+0/8000 --dpi 8000 tctt0800
mktexpk --mfmode ljfour --bdpi 8000 --mag 1+0/8000 --dpi 8000 tctt1440
mktexpk --mfmode ljfour --bdpi 8000 --mag 1+0/8000 --dpi 8000 tcit1200
mktexpk --mfmode ljfour --bdpi 8000 --mag 1+0/8000 --dpi 8000 tcrm1200
mktexpk --mfmode ljfour --bdpi 8000 --mag 1+0/8000 --dpi 8000 tctt1200
mktexpk --mfmode ljfour --bdpi 8000 --mag 1+0/8000 --dpi 8000 tctt0800
mktexpk --mfmode ljfour --bdpi 8000 --mag 1+0/8000 --dpi 8000 tctt1440
mktexpk --mfmode ljfour --bdpi 8000 --mag 1+0/8000 --dpi 8000 tcit1200
